<?xml version="1.0" encoding="UTF-8"?>
<!-- Generated by org.testng.reporters.JUnitXMLReporter -->
<testsuite ignored="4" hostname="DESKTOP-E57FEQI" failures="0" tests="2" name="Groups" time="0.206" errors="0" timestamp="2023-01-30T21:15:06 IST">
  <testcase classname="TestNG.TestNG_Group" name="TC2" time="0.055"/>
  <testcase classname="TestNG.TestNG_Group" name="TC6" time="0.007"/>
  <testcase classname="TestNG.TestNG_Group" name="TC4" time="0.0">
    <ignored/>
  </testcase> <!-- TC4 -->
  <testcase classname="TestNG.TestNG_Group" name="TC1" time="0.0">
    <ignored/>
  </testcase> <!-- TC1 -->
  <testcase classname="TestNG.TestNG_Group" name="TC3" time="0.0">
    <ignored/>
  </testcase> <!-- TC3 -->
  <testcase classname="TestNG.TestNG_Group" name="TC5" time="0.0">
    <ignored/>
  </testcase> <!-- TC5 -->
</testsuite> <!-- Groups -->
